<?xml version="1.0" encoding="UTF-8" ?>
<testsuite failures="0" time="0.109" errors="0" skipped="0" tests="1" name="com.thoughtworks.assignment.merchant.galaxy.guide.test.MerchantGuideProcessorTest">
  <properties>
    <property name="java.runtime.name" value="Java(TM) SE Runtime Environment"/>
    <property name="sun.boot.library.path" value="C:\Program Files (x86)\Java\jdk1.6.0_21\jre\bin"/>
    <property name="java.vm.version" value="17.0-b16"/>
    <property name="java.vm.vendor" value="Sun Microsystems Inc."/>
    <property name="java.vendor.url" value="http://java.sun.com/"/>
    <property name="path.separator" value=";"/>
    <property name="java.vm.name" value="Java HotSpot(TM) Client VM"/>
    <property name="file.encoding.pkg" value="sun.io"/>
    <property name="user.country" value="IN"/>
    <property name="sun.java.launcher" value="SUN_STANDARD"/>
    <property name="sun.os.patch.level" value=""/>
    <property name="java.vm.specification.name" value="Java Virtual Machine Specification"/>
    <property name="user.dir" value="C:\Users\prasad\Desktop\ThoughtWorks_code_Assignment\Merchant_Galaxy_Guide_Maven"/>
    <property name="java.runtime.version" value="1.6.0_21-b06"/>
    <property name="java.awt.graphicsenv" value="sun.awt.Win32GraphicsEnvironment"/>
    <property name="basedir" value="C:\Users\prasad\Desktop\ThoughtWorks_code_Assignment\Merchant_Galaxy_Guide_Maven"/>
    <property name="java.endorsed.dirs" value="C:\Program Files (x86)\Java\jdk1.6.0_21\jre\lib\endorsed"/>
    <property name="os.arch" value="x86"/>
    <property name="surefire.real.class.path" value="C:\Users\prasad\AppData\Local\Temp\surefirebooter1639239958794255917.jar"/>
    <property name="java.io.tmpdir" value="C:\Users\prasad\AppData\Local\Temp\"/>
    <property name="line.separator" value="
"/>
    <property name="java.vm.specification.vendor" value="Sun Microsystems Inc."/>
    <property name="user.variant" value=""/>
    <property name="os.name" value="Windows NT (unknown)"/>
    <property name="sun.jnu.encoding" value="Cp1252"/>
    <property name="java.library.path" value="C:\Program Files (x86)\Java\jdk1.6.0_21\jre\bin;.;C:\windows\Sun\Java\bin;C:\windows\system32;C:\windows;C:\ProgramData\Oracle\Java\javapath;C:\Program Files (x86)\Lenovo\FusionEngine;C:\Program Files (x86)\NVIDIA Corporation\PhysX\Common;C:\Program Files (x86)\Intel\iCLS Client\;C:\Program Files\Intel\iCLS Client\;C:\windows\system32;C:\windows;C:\windows\System32\Wbem;C:\windows\System32\WindowsPowerShell\v1.0\;C:\Program Files\Intel\Intel(R) Management Engine Components\DAL;C:\Program Files\Intel\Intel(R) Management Engine Components\IPT;C:\Program Files (x86)\Intel\Intel(R) Management Engine Components\DAL;C:\Program Files (x86)\Intel\Intel(R) Management Engine Components\IPT;C:\Program Files (x86)\Common Files\lenovo\easyplussdk\bin;C:\Program Files (x86)\Lenovo\Motion Control\;C:\Program Files (x86)\Skype\Phone\;C:\apache-maven-3.2.5\bin"/>
    <property name="surefire.test.class.path" value="C:\Users\prasad\Desktop\ThoughtWorks_code_Assignment\Merchant_Galaxy_Guide_Maven\target\test-classes;C:\Users\prasad\Desktop\ThoughtWorks_code_Assignment\Merchant_Galaxy_Guide_Maven\target\classes;C:\Users\prasad\.m2\repository\junit\junit\4.11\junit-4.11.jar;C:\Users\prasad\.m2\repository\org\hamcrest\hamcrest-core\1.3\hamcrest-core-1.3.jar;C:\Users\prasad\.m2\repository\log4j\log4j\1.2.17\log4j-1.2.17.jar;"/>
    <property name="java.specification.name" value="Java Platform API Specification"/>
    <property name="java.class.version" value="50.0"/>
    <property name="sun.management.compiler" value="HotSpot Client Compiler"/>
    <property name="os.version" value="6.2"/>
    <property name="user.home" value="C:\Users\prasad"/>
    <property name="user.timezone" value="Asia/Calcutta"/>
    <property name="java.awt.printerjob" value="sun.awt.windows.WPrinterJob"/>
    <property name="java.specification.version" value="1.6"/>
    <property name="file.encoding" value="Cp1252"/>
    <property name="user.name" value="prasad"/>
    <property name="java.class.path" value="C:\Users\prasad\Desktop\ThoughtWorks_code_Assignment\Merchant_Galaxy_Guide_Maven\target\test-classes;C:\Users\prasad\Desktop\ThoughtWorks_code_Assignment\Merchant_Galaxy_Guide_Maven\target\classes;C:\Users\prasad\.m2\repository\junit\junit\4.11\junit-4.11.jar;C:\Users\prasad\.m2\repository\org\hamcrest\hamcrest-core\1.3\hamcrest-core-1.3.jar;C:\Users\prasad\.m2\repository\log4j\log4j\1.2.17\log4j-1.2.17.jar;"/>
    <property name="java.vm.specification.version" value="1.0"/>
    <property name="sun.arch.data.model" value="32"/>
    <property name="java.home" value="C:\Program Files (x86)\Java\jdk1.6.0_21\jre"/>
    <property name="java.specification.vendor" value="Sun Microsystems Inc."/>
    <property name="user.language" value="en"/>
    <property name="awt.toolkit" value="sun.awt.windows.WToolkit"/>
    <property name="java.vm.info" value="mixed mode, sharing"/>
    <property name="java.version" value="1.6.0_21"/>
    <property name="java.ext.dirs" value="C:\Program Files (x86)\Java\jdk1.6.0_21\jre\lib\ext;C:\windows\Sun\Java\lib\ext"/>
    <property name="sun.boot.class.path" value="C:\Program Files (x86)\Java\jdk1.6.0_21\jre\lib\resources.jar;C:\Program Files (x86)\Java\jdk1.6.0_21\jre\lib\rt.jar;C:\Program Files (x86)\Java\jdk1.6.0_21\jre\lib\sunrsasign.jar;C:\Program Files (x86)\Java\jdk1.6.0_21\jre\lib\jsse.jar;C:\Program Files (x86)\Java\jdk1.6.0_21\jre\lib\jce.jar;C:\Program Files (x86)\Java\jdk1.6.0_21\jre\lib\charsets.jar;C:\Program Files (x86)\Java\jdk1.6.0_21\jre\classes"/>
    <property name="java.vendor" value="Sun Microsystems Inc."/>
    <property name="localRepository" value="C:\Users\prasad\.m2\repository"/>
    <property name="file.separator" value="\"/>
    <property name="java.vendor.url.bug" value="http://java.sun.com/cgi-bin/bugreport.cgi"/>
    <property name="sun.cpu.endian" value="little"/>
    <property name="sun.io.unicode.encoding" value="UnicodeLittle"/>
    <property name="sun.desktop" value="windows"/>
    <property name="sun.cpu.isalist" value="pentium_pro+mmx pentium_pro pentium+mmx pentium i486 i386 i86"/>
  </properties>
  <testcase time="0.078" classname="com.thoughtworks.assignment.merchant.galaxy.guide.test.MerchantGuideProcessorTest" name="testProcessMerchantsInput"/>
</testsuite>